Build started 11/22/2014 7:12:04 PM.
     1>Project "D:\VS Projects\CarRace\CarRace\CarRace.vcxproj" on node 2 (Build target(s)).
     1>ClCompile:
         D:\Microsoft Visual Studio 12.0\VC\bin\CL.exe /c /I"D:\bullet-2.82-r2704\src" /ZI /nologo /W3 /WX- /Od /Oy- /D WIN32 /D _DEBUG /D _WINDOWS /D _UNICODE /D UNICODE /Gm /EHsc /RTC1 /MDd /GS /fp:precise /Zc:wchar_t /Zc:forScope /Fo"Debug\\" /Fd"Debug\vc120.pdb" /Gd /TP /analyze- /errorReport:prompt Game.cpp
         Game.cpp
       Link:
         D:\Microsoft Visual Studio 12.0\VC\bin\link.exe /ERRORREPORT:PROMPT /OUT:"D:\VS Projects\CarRace\Debug\CarRace.exe" /INCREMENTAL /NOLOGO kernel32.lib user32.lib gdi32.lib winspool.lib comdlg32.lib advapi32.lib shell32.lib ole32.lib oleaut32.lib uuid.lib odbc32.lib odbccp32.lib /MANIFEST /MANIFESTUAC:"level='asInvoker' uiAccess='false'" /manifest:embed /DEBUG /PDB:"D:\VS Projects\CarRace\Debug\CarRace.pdb" /TLBID:1 /DYNAMICBASE /NXCOMPAT /IMPLIB:"D:\VS Projects\CarRace\Debug\CarRace.lib" /MACHINE:X86 Debug\Engine.obj
         Debug\Scene.obj
         Debug\StandardComponents.obj
         Debug\System.obj
         Debug\Game.obj
         Debug\glew.obj
         Debug\Graphics.obj
         Debug\Mesh.obj
         Debug\Model.obj
         Debug\Window.obj
         Debug\LuaScript.obj
         Debug\LuaScriptComponent.obj
         Debug\LuaScriptSystem.obj
         Debug\main.obj
         Debug\MyScene.obj
         CarRace.vcxproj -> D:\VS Projects\CarRace\Debug\CarRace.exe
     1>Done Building Project "D:\VS Projects\CarRace\CarRace\CarRace.vcxproj" (Build target(s)).

Build succeeded.

Time Elapsed 00:00:04.12
