Build started 11/22/2014 8:21:18 PM.
     1>Project "D:\VS Projects\CarRace\CarRace\CarRace.vcxproj" on node 2 (Build target(s)).
     1>ClCompile:
         D:\Microsoft Visual Studio 12.0\VC\bin\CL.exe /c /I"D:\bullet-2.82-r2704\src" /Zi /nologo /W3 /WX- /O2 /Oi /Oy- /GL /D WIN32 /D NDEBUG /D _WINDOWS /D _UNICODE /D UNICODE /Gm- /EHsc /MD /GS /Gy /fp:precise /Zc:wchar_t /Zc:forScope /Fo"Release\\" /Fd"Release\vc120.pdb" /Gd /TP /analyze- /errorReport:prompt Game.cpp
         Game.cpp
       Link:
         D:\Microsoft Visual Studio 12.0\VC\bin\link.exe /ERRORREPORT:PROMPT /OUT:"D:\VS Projects\CarRace\Release\CarRace.exe" /INCREMENTAL:NO /NOLOGO kernel32.lib user32.lib gdi32.lib winspool.lib comdlg32.lib advapi32.lib shell32.lib ole32.lib oleaut32.lib uuid.lib odbc32.lib odbccp32.lib /MANIFEST /MANIFESTUAC:"level='asInvoker' uiAccess='false'" /manifest:embed /DEBUG /PDB:"D:\VS Projects\CarRace\Release\CarRace.pdb" /OPT:REF /OPT:ICF /LTCG /TLBID:1 /DYNAMICBASE /NXCOMPAT /IMPLIB:"D:\VS Projects\CarRace\Release\CarRace.lib" /MACHINE:X86 /SAFESEH Release\Engine.obj
         Release\Scene.obj
         Release\StandardComponents.obj
         Release\System.obj
         Release\Game.obj
         Release\glew.obj
         Release\Graphics.obj
         Release\Mesh.obj
         Release\Model.obj
         Release\Window.obj
         Release\LuaScript.obj
         Release\LuaScriptComponent.obj
         Release\LuaScriptSystem.obj
         Release\main.obj
         Release\MyScene.obj
         Generating code
         Finished generating code
         CarRace.vcxproj -> D:\VS Projects\CarRace\Release\CarRace.exe
     1>Done Building Project "D:\VS Projects\CarRace\CarRace\CarRace.vcxproj" (Build target(s)).

Build succeeded.

Time Elapsed 00:00:10.10
